<?xml version="1.0" encoding="UTF-8"?>
<!-- Generated by org.testng.reporters.JUnitReportReporter -->
<testsuite hostname="DESKTOP-U04R4AR" failures="0" tests="1" name="Testrunner.TestrunnerTestNG$TestRunner" time="8.031" errors="0" timestamp="16 Aug 2022 17:33:27 GMT" skipped="0">
  <testcase classname="Testrunner.TestrunnerTestNG$TestRunner" name="feature" time="8.031"/>
</testsuite> <!-- Testrunner.TestrunnerTestNG$TestRunner -->
